<?xml version="1.0" encoding="UTF-8"?>
<!-- Generated by org.testng.reporters.JUnitReportReporter -->
<testsuite hostname="BAHUBALI-HP" failures="0" tests="1" name="coverFoxTest.CoverFoxTestClass" time="26.132" errors="0" timestamp="2025-01-02T11:24:58 IST" skipped="0">
  <testcase classname="coverFoxTest.CoverFoxTestClass" name="validatePolicyCount" time="26.132">
    <system-out>
      <![CDATA[Getting policy count from text displayed...
Getting policy count from banners displayed...]]>
    </system-out>
  </testcase> <!-- validatePolicyCount -->
  <system-out>
    <![CDATA[Launching Browser
Launching Application...
Waiting for application launch...
Clicking on gender button...
Clicking on next button...
Selecting age...
Clicking on next button...
Entering pincode...
Entering mobile number...
Clicking on continue button...
Getting policy count from text displayed...
Getting policy count from banners displayed...
Closing Browser
Closing Application...]]>
  </system-out>
</testsuite> <!-- coverFoxTest.CoverFoxTestClass -->
