<?xml version="1.0" encoding="UTF-8"?>
<!-- Generated by org.testng.reporters.JUnitReportReporter -->
<testsuite hostname="BAHUBALI-HP" failures="0" tests="1" name="coverFoxTest.CoverFoxTestClass" time="22.139" errors="0" timestamp="2024-10-19T14:24:52 IST" skipped="0">
  <testcase classname="coverFoxTest.CoverFoxTestClass" name="validatePolicyCount" time="22.139">
    <system-out>
      <![CDATA[Getting policy count from text displayed...
Getting policy count from banners displayed...
TC validatePolicyCount Passed]]>
    </system-out>
  </testcase> <!-- validatePolicyCount -->
  <system-out>
    <![CDATA[Launching Application...
Waiting for application launch...
Clicking on gender button...
Clicking on next button...
Selecting age...
Clicking on next button...
Entering pincode...
Entering mobile number...
Clicking on continue button...
Getting policy count from text displayed...
Getting policy count from banners displayed...
TC validatePolicyCount Passed
Closing Application...
Launching Application...
Waiting for application launch...
Application Luanched
Clicking on gender button...
Clicking on next button...
Selecting age...
Clicking on next button...
Entering mobile number...
Clicking on continue button...
TC validatePinCodeErrorMsg Passed
Closing Application...
Launching Application...
Waiting for application launch...
Application Luanched
Clicking on gender button...
Clicking on next button...
Selecting age...
Clicking on next button...
Entering pincode...
Clicking on continue button...
TC validateMobileNumErrorMsg Passed
Closing Application...
Launching Application...
Waiting for application launch...
Application Luanched
Clicking on gender button...
Clicking on next button...
Selecting age...
Clicking on next button...
Clicking on continue button...
TC validateErrMsgs Passed
Closing Application...]]>
  </system-out>
</testsuite> <!-- coverFoxTest.CoverFoxTestClass -->
