<?xml version="1.0" encoding="UTF-8"?>
<!-- Generated by org.testng.reporters.JUnitReportReporter -->
<testsuite hostname="BAHUBALI-HP" failures="0" tests="3" name="coverFoxTest.CoverFoxValidateErrorMsg" time="66.865" errors="0" timestamp="2024-10-19T13:16:16 IST" skipped="0">
  <testcase classname="coverFoxTest.CoverFoxValidateErrorMsg" name="validatePinCodeErrorMsg" time="22.324">
    <system-out>
      <![CDATA[Entering mobile number...
Clicking on continue button...
TC validatePinCodeErrorMsg Passed]]>
    </system-out>
  </testcase> <!-- validatePinCodeErrorMsg -->
  <testcase classname="coverFoxTest.CoverFoxValidateErrorMsg" name="validateMobileNumErrorMsg" time="27.245">
    <system-out>
      <![CDATA[Entering pincode...
Clicking on continue button...
TC validateMobileNumErrorMsg Passed]]>
    </system-out>
  </testcase> <!-- validateMobileNumErrorMsg -->
  <testcase classname="coverFoxTest.CoverFoxValidateErrorMsg" name="validateErrMsgs" time="17.296">
    <system-out>
      <![CDATA[Clicking on continue button...
TC validateErrMsgs Passed]]>
    </system-out>
  </testcase> <!-- validateErrMsgs -->
  <system-out>
    <![CDATA[Launching Application...
Waiting for application launch...
Application Luanched
Clicking on gender button...
Clicking on next button...
Selecting age...
Clicking on next button...
Entering mobile number...
Clicking on continue button...
TC validatePinCodeErrorMsg Passed
Closing Application...
Launching Application...
Waiting for application launch...
Application Luanched
Clicking on gender button...
Clicking on next button...
Selecting age...
Clicking on next button...
Entering pincode...
Clicking on continue button...
TC validateMobileNumErrorMsg Passed
Closing Application...
Launching Application...
Waiting for application launch...
Application Luanched
Clicking on gender button...
Clicking on next button...
Selecting age...
Clicking on next button...
Clicking on continue button...
TC validateErrMsgs Passed
Closing Application...
Launching Application...
Waiting for application launch...
Clicking on gender button...
Clicking on next button...
Selecting age...
Clicking on next button...
Entering pincode...
Entering mobile number...
Clicking on continue button...
Getting policy count from text displayed...
Getting policy count from banners displayed...
TC validatePolicyCount Passed
Closing Application...]]>
  </system-out>
</testsuite> <!-- coverFoxTest.CoverFoxValidateErrorMsg -->
